<?xml version="1.0" encoding="UTF-8"?>
<!-- Generated by org.testng.reporters.JUnitReportReporter -->
<testsuite skipped="0" hostname="RPIPL-DT-HP128" name="RestAPI_GET_POST.RestAPIEmployeePost" tests="1" failures="0" timestamp="04 Dec 2019 08:30:12 GMT" time="1.090" errors="0">
  <testcase name="EmpPost" time="1.090" classname="RestAPI_GET_POST.RestAPIEmployeePost"/>
</testsuite> <!-- RestAPI_GET_POST.RestAPIEmployeePost -->
