<?xml version="1.0" encoding="UTF-8"?>
<!-- Generated by org.testng.reporters.JUnitReportReporter -->
<testsuite skipped="0" hostname="RPIPL-DT-HP128" name="RestAPI_GET_POST.RestTestGETCityWeather" tests="1" failures="0" timestamp="04 Dec 2019 08:30:52 GMT" time="1.723" errors="0">
  <testcase name="GETWhetherdata" time="1.723" classname="RestAPI_GET_POST.RestTestGETCityWeather"/>
</testsuite> <!-- RestAPI_GET_POST.RestTestGETCityWeather -->
