<?xml version="1.0" encoding="UTF-8"?>
<!-- Generated by org.testng.reporters.JUnitReportReporter -->
<testsuite skipped="0" hostname="RPIPL-DT-HP128" name="RestAPI_GET_POST.RestTestGETemployees" tests="1" failures="0" timestamp="04 Dec 2019 08:30:46 GMT" time="1.486" errors="0">
  <testcase name="GETEmpdata" time="1.486" classname="RestAPI_GET_POST.RestTestGETemployees"/>
</testsuite> <!-- RestAPI_GET_POST.RestTestGETemployees -->
